<?xml version="1.0" encoding="UTF-8"?>
<!-- Generated by org.testng.reporters.JUnitReportReporter -->
<testsuite hostname="DESKTOP-65LALTP" failures="0" tests="1" name="testcase.testevennumber" time="21.133" errors="0" timestamp="2023-05-10T12:49:22 EET" skipped="0">
  <testcase classname="testcase.testevennumber" name="clickonevennumber" time="21.133"/>
  <system-out/>
</testsuite> <!-- testcase.testevennumber -->
